<?xml version="1.0" encoding="UTF-8"?>
<testsuite xmlns:xsi="http://www.w3.org/2001/XMLSchema-instance" xsi:noNamespaceSchemaLocation="https://maven.apache.org/surefire/maven-surefire-plugin/xsd/surefire-test-report.xsd" name="org.foi.nwtis.ilevak.konfiguracije.bp.BP_KonfiguracijaTest" time="0.047" tests="10" errors="0" skipped="8" failures="0">
  <properties>
[...]
</properties>
  <testcase name="testGetUserDatabase" classname="org.foi.nwtis.ilevak.konfiguracije.bp.BP_KonfiguracijaTest" time="0.016"/>
  <testcase name="testGetAdminDatabase" classname="org.foi.nwtis.ilevak.konfiguracije.bp.BP_KonfiguracijaTest" time="0">
    <skipped message="public void org.foi.nwtis.ilevak.konfiguracije.bp.BP_KonfiguracijaTest.testGetAdminDatabase() is @Disabled"/>
  </testcase>
  <testcase name="testGetDriverDatabase_0args" classname="org.foi.nwtis.ilevak.konfiguracije.bp.BP_KonfiguracijaTest" time="0.016"/>
  <testcase name="testGetServerDatabase" classname="org.foi.nwtis.ilevak.konfiguracije.bp.BP_KonfiguracijaTest" time="0">
    <skipped message="public void org.foi.nwtis.ilevak.konfiguracije.bp.BP_KonfiguracijaTest.testGetServerDatabase() is @Disabled"/>
  </testcase>
  <testcase name="testGetUserUsername" classname="org.foi.nwtis.ilevak.konfiguracije.bp.BP_KonfiguracijaTest" time="0">
    <skipped message="public void org.foi.nwtis.ilevak.konfiguracije.bp.BP_KonfiguracijaTest.testGetUserUsername() is @Disabled"/>
  </testcase>
  <testcase name="testGetDriverDatabase_String" classname="org.foi.nwtis.ilevak.konfiguracije.bp.BP_KonfiguracijaTest" time="0">
    <skipped message="public void org.foi.nwtis.ilevak.konfiguracije.bp.BP_KonfiguracijaTest.testGetDriverDatabase_String() is @Disabled"/>
  </testcase>
  <testcase name="testGetDriversDatabase" classname="org.foi.nwtis.ilevak.konfiguracije.bp.BP_KonfiguracijaTest" time="0">
    <skipped message="public void org.foi.nwtis.ilevak.konfiguracije.bp.BP_KonfiguracijaTest.testGetDriversDatabase() is @Disabled"/>
  </testcase>
  <testcase name="testGetAdminUsername" classname="org.foi.nwtis.ilevak.konfiguracije.bp.BP_KonfiguracijaTest" time="0">
    <skipped message="public void org.foi.nwtis.ilevak.konfiguracije.bp.BP_KonfiguracijaTest.testGetAdminUsername() is @Disabled"/>
  </testcase>
  <testcase name="testGetUserPassword" classname="org.foi.nwtis.ilevak.konfiguracije.bp.BP_KonfiguracijaTest" time="0">
    <skipped message="public void org.foi.nwtis.ilevak.konfiguracije.bp.BP_KonfiguracijaTest.testGetUserPassword() is @Disabled"/>
  </testcase>
  <testcase name="testGetAdminPassword" classname="org.foi.nwtis.ilevak.konfiguracije.bp.BP_KonfiguracijaTest" time="0">
    <skipped message="public void org.foi.nwtis.ilevak.konfiguracije.bp.BP_KonfiguracijaTest.testGetAdminPassword() is @Disabled"/>
  </testcase>
</testsuite>